{
  "RSpec": {
    "coverage": {
      "/Users/joanna.klosinska/Desktop/learning/smartflix/spec/workers/update_one_movie_worker_spec.rb": {
        "lines": [
          null,
          null,
          1,
          null,
          1,
          1,
          2,
          null,
          2,
          2,
          null,
          1,
          1,
          null,
          null,
          1,
          1,
          null,
          1,
          null,
          null,
          null
        ]
      },
      "/Users/joanna.klosinska/Desktop/learning/smartflix/spec/rails_helper.rb": {
        "lines": [
          null,
          null,
          null,
          1,
          1,
          1,
          null,
          1,
          1,
          1,
          1,
          1,
          1,
          null,
          null,
          null,
          null,
          null,
          null,
          null,
          null,
          null,
          null,
          null,
          null,
          null,
          null,
          null,
          null,
          null,
          null,
          null,
          null,
          null,
          1,
          null,
          0,
          0,
          null,
          1,
          null,
          1,
          null,
          null,
          null,
          null,
          1,
          null,
          null,
          null,
          null,
          null,
          null,
          null,
          null,
          null,
          null,
          null,
          null,
          null,
          null,
          null,
          null,
          null,
          1,
          null,
          null,
          1,
          null,
          null,
          null,
          1,
          null,
          1,
          null
        ]
      },
      "/Users/joanna.klosinska/Desktop/learning/smartflix/config/environment.rb": {
        "lines": [
          null,
          null,
          null,
          1,
          null,
          null,
          1
        ]
      },
      "/Users/joanna.klosinska/Desktop/learning/smartflix/config/application.rb": {
        "lines": [
          null,
          null,
          1,
          null,
          1,
          null,
          1,
          1,
          1,
          1,
          1,
          1,
          1,
          1,
          1,
          1,
          1,
          null,
          null,
          null,
          null,
          1,
          null,
          1,
          1,
          null,
          null,
          1,
          null,
          null,
          null,
          null,
          null,
          null,
          1,
          null,
          null,
          null,
          1,
          null,
          null,
          null
        ]
      },
      "/Users/joanna.klosinska/Desktop/learning/smartflix/config/boot.rb": {
        "lines": [
          null,
          null,
          1,
          null,
          1,
          1
        ]
      },
      "/Users/joanna.klosinska/Desktop/learning/smartflix/config/environments/test.rb": {
        "lines": [
          null,
          null,
          1,
          null,
          null,
          null,
          null,
          null,
          null,
          1,
          null,
          null,
          1,
          1,
          null,
          null,
          null,
          null,
          1,
          null,
          null,
          1,
          1,
          null,
          null,
          null,
          null,
          1,
          1,
          1,
          null,
          null,
          1,
          null,
          null,
          1,
          null,
          null,
          1,
          null,
          1,
          null,
          null,
          null,
          null,
          1,
          null,
          null,
          1,
          null,
          null,
          1,
          null,
          null,
          1,
          null,
          null,
          null,
          null,
          null,
          null,
          null
        ]
      },
      "/Users/joanna.klosinska/Desktop/learning/smartflix/config/initializers/application_controller_renderer.rb": {
        "lines": [
          null,
          null,
          null,
          null,
          null,
          null,
          null,
          null,
          null
        ]
      },
      "/Users/joanna.klosinska/Desktop/learning/smartflix/config/initializers/assets.rb": {
        "lines": [
          null,
          null,
          null,
          null,
          null,
          1,
          null,
          null,
          null,
          null,
          1,
          null,
          null,
          null,
          null,
          null
        ]
      },
      "/Users/joanna.klosinska/Desktop/learning/smartflix/config/initializers/backtrace_silencers.rb": {
        "lines": [
          null,
          null,
          null,
          null,
          null,
          null,
          null,
          null,
          null,
          1
        ]
      },
      "/Users/joanna.klosinska/Desktop/learning/smartflix/config/initializers/content_security_policy.rb": {
        "lines": [
          null,
          null,
          null,
          null,
          null,
          null,
          null,
          null,
          null,
          null,
          null,
          null,
          null,
          null,
          null,
          null,
          null,
          null,
          null,
          null,
          null,
          null,
          null,
          null,
          null,
          null,
          null,
          null,
          null,
          null,
          null
        ]
      },
      "/Users/joanna.klosinska/Desktop/learning/smartflix/config/initializers/cookies_serializer.rb": {
        "lines": [
          null,
          null,
          null,
          null,
          null,
          null,
          1
        ]
      },
      "/Users/joanna.klosinska/Desktop/learning/smartflix/config/initializers/filter_parameter_logging.rb": {
        "lines": [
          null,
          null,
          null,
          null,
          null,
          1,
          null,
          null
        ]
      },
      "/Users/joanna.klosinska/Desktop/learning/smartflix/config/initializers/inflections.rb": {
        "lines": [
          null,
          null,
          null,
          null,
          null,
          null,
          null,
          null,
          null,
          null,
          null,
          null,
          null,
          null,
          null,
          null,
          null
        ]
      },
      "/Users/joanna.klosinska/Desktop/learning/smartflix/config/initializers/mime_types.rb": {
        "lines": [
          null,
          null,
          null,
          null,
          null
        ]
      },
      "/Users/joanna.klosinska/Desktop/learning/smartflix/config/initializers/permissions_policy.rb": {
        "lines": [
          null,
          null,
          null,
          null,
          null,
          null,
          null,
          null,
          null,
          null,
          null,
          null
        ]
      },
      "/Users/joanna.klosinska/Desktop/learning/smartflix/config/initializers/sidekiq.rb": {
        "lines": [
          null,
          null,
          1,
          null,
          1,
          0,
          null,
          null,
          1,
          1,
          null
        ]
      },
      "/Users/joanna.klosinska/Desktop/learning/smartflix/config/initializers/wrap_parameters.rb": {
        "lines": [
          null,
          null,
          null,
          null,
          null,
          null,
          null,
          null,
          1,
          2,
          null,
          null,
          null,
          null,
          null,
          null
        ]
      },
      "/Users/joanna.klosinska/Desktop/learning/smartflix/spec/factories/movies.rb": {
        "lines": [
          null,
          null,
          1,
          1,
          2,
          2,
          2,
          2,
          2,
          2,
          2,
          2,
          2,
          1,
          1,
          null,
          null,
          2,
          2,
          2,
          2,
          1,
          1,
          null,
          null,
          null,
          null,
          null,
          2,
          2,
          2,
          2,
          2,
          2,
          2,
          2,
          2,
          2,
          2,
          null,
          null
        ]
      },
      "/Users/joanna.klosinska/Desktop/learning/smartflix/config/routes.rb": {
        "lines": [
          null,
          null,
          1,
          null,
          1,
          1,
          1,
          null
        ]
      },
      "/Users/joanna.klosinska/Desktop/learning/smartflix/app/helpers/application_helper.rb": {
        "lines": [
          null,
          null,
          1,
          null
        ]
      },
      "/Users/joanna.klosinska/Desktop/learning/smartflix/app/helpers/movies_helper.rb": {
        "lines": [
          null,
          null,
          1,
          null
        ]
      },
      "/Users/joanna.klosinska/Desktop/learning/smartflix/spec/support/database_cleaner.rb": {
        "lines": [
          null,
          null,
          1,
          1,
          1,
          null,
          null,
          1,
          1,
          null,
          null,
          1,
          1,
          null,
          null,
          1,
          1,
          null,
          null
        ]
      },
      "/Users/joanna.klosinska/Desktop/learning/smartflix/spec/support/factory_bot.rb": {
        "lines": [
          null,
          null,
          1,
          1,
          null
        ]
      },
      "/Users/joanna.klosinska/Desktop/learning/smartflix/spec/support/vcr.rb": {
        "lines": [
          null,
          null,
          1,
          1,
          1,
          1,
          1,
          1,
          null
        ]
      },
      "/Users/joanna.klosinska/Desktop/learning/smartflix/spec/support/webmock.rb": {
        "lines": [
          null,
          null,
          1,
          null,
          1
        ]
      },
      "/Users/joanna.klosinska/Desktop/learning/smartflix/app/workers/update_one_movie_worker.rb": {
        "lines": [
          null,
          null,
          1,
          null,
          1,
          null,
          1,
          1,
          null,
          1,
          1,
          1,
          null,
          null,
          null
        ]
      },
      "/Users/joanna.klosinska/Desktop/learning/smartflix/app/services/update_movie.rb": {
        "lines": [
          null,
          null,
          1,
          null,
          1,
          0,
          null,
          null,
          1,
          0,
          0,
          null,
          0,
          null,
          null,
          null,
          1,
          null,
          1,
          null,
          1,
          null,
          1,
          0,
          null,
          null,
          1,
          0,
          null,
          null,
          1,
          0,
          null,
          null,
          null
        ]
      },
      "/Users/joanna.klosinska/Desktop/learning/smartflix/app/models/movie.rb": {
        "lines": [
          null,
          null,
          1,
          null,
          1,
          null,
          null
        ]
      },
      "/Users/joanna.klosinska/Desktop/learning/smartflix/app/models/application_record.rb": {
        "lines": [
          null,
          null,
          1,
          null,
          1,
          null,
          null
        ]
      }
    },
    "timestamp": 1653058287
  }
}
