{
  "RSpec": {
    "coverage": {
      "/Users/joanna.klosinska/Desktop/learning/smartflix/app/controllers/movies_controller.rb": {
        "lines": [
          null,
          null,
          1,
          null,
          1,
          2,
          2,
          2,
          2,
          null,
          0,
          0,
          null,
          null,
          null,
          null,
          null,
          null,
          null,
          null,
          null
        ]
      },
      "/Users/joanna.klosinska/Desktop/learning/smartflix/app/controllers/application_controller.rb": {
        "lines": [
          null,
          null,
          1,
          null
        ]
      },
      "/Users/joanna.klosinska/Desktop/learning/smartflix/app/models/movie.rb": {
        "lines": [
          null,
          null,
          1,
          null,
          1,
          null,
          null
        ]
      },
      "/Users/joanna.klosinska/Desktop/learning/smartflix/app/models/application_record.rb": {
        "lines": [
          null,
          null,
          1,
          null,
          1,
          null,
          null
        ]
      },
      "/Users/joanna.klosinska/Desktop/learning/smartflix/app/adapters/omdbapi_adapter.rb": {
        "lines": [
          null,
          null,
          0,
          null,
          0,
          0,
          0,
          null,
          0,
          0,
          0,
          null,
          0,
          null,
          0
        ],
        "branches": {
        }
      },
      "/Users/joanna.klosinska/Desktop/learning/smartflix/app/channels/application_cable/channel.rb": {
        "lines": [
          null,
          null,
          0,
          0,
          0,
          0
        ],
        "branches": {
        }
      },
      "/Users/joanna.klosinska/Desktop/learning/smartflix/app/channels/application_cable/connection.rb": {
        "lines": [
          null,
          null,
          0,
          0,
          0,
          0
        ],
        "branches": {
        }
      },
      "/Users/joanna.klosinska/Desktop/learning/smartflix/app/helpers/application_helper.rb": {
        "lines": [
          null,
          null,
          0,
          0
        ],
        "branches": {
        }
      },
      "/Users/joanna.klosinska/Desktop/learning/smartflix/app/helpers/movies_helper.rb": {
        "lines": [
          null,
          null,
          0,
          0
        ],
        "branches": {
        }
      },
      "/Users/joanna.klosinska/Desktop/learning/smartflix/app/jobs/application_job.rb": {
        "lines": [
          null,
          null,
          0,
          null,
          null,
          null,
          null,
          null,
          0
        ],
        "branches": {
        }
      },
      "/Users/joanna.klosinska/Desktop/learning/smartflix/app/mailers/application_mailer.rb": {
        "lines": [
          null,
          null,
          0,
          null,
          0,
          0,
          null,
          0
        ],
        "branches": {
        }
      },
      "/Users/joanna.klosinska/Desktop/learning/smartflix/app/services/import_movie.rb": {
        "lines": [
          null,
          null,
          0,
          null,
          0,
          0,
          0,
          null,
          0,
          0,
          0,
          null,
          0,
          null,
          0,
          null,
          0,
          0,
          0,
          null,
          0
        ],
        "branches": {
        }
      },
      "/Users/joanna.klosinska/Desktop/learning/smartflix/app/workers/create_fake_movie_worker.rb": {
        "lines": [
          null,
          null,
          0,
          null,
          0,
          0,
          null,
          0,
          0,
          0,
          null,
          0
        ],
        "branches": {
        }
      },
      "/Users/joanna.klosinska/Desktop/learning/smartflix/app/workers/create_movie_worker.rb": {
        "lines": [
          null,
          null,
          0,
          null,
          0,
          0,
          null,
          0,
          0,
          0,
          0,
          null,
          0
        ],
        "branches": {
        }
      }
    },
    "timestamp": 1626853271
  }
}
